11:25:58 INFO [Backend.cpp:38] Backend initialized
11:25:58 INFO [Backend.cpp:39] Loaded runtime config from 'config/runtime.json'.
11:25:58 INFO [TraceLogger.cpp:75] TraceLogger initialized at C:/Users/Dev.Windows-Desktop/Desktop/TwinCAT/TsimCAT/analysis/session/protocol_trace.jsonl
11:25:58 DEBUG [TraceLogger.cpp:200] TRACE backend lifecycle session_started
11:25:58 INFO [RobotSimulator.cpp:50] RobotSimulator: Initial Pose [X: 905.000, Y: 0.000, Z: 1080.000]
11:25:58 DEBUG [TraceLogger.cpp:200] TRACE laser lifecycle internal_mode_changed
11:25:58 DEBUG [TraceLogger.cpp:200] TRACE robot lifecycle internal_mode_changed
11:25:58 INFO [CellFlowOrchestrator.cpp:95] CellFlowOrchestrator started
11:25:58 DEBUG [TraceLogger.cpp:200] TRACE cell_flow lifecycle started
11:26:12 DEBUG [TraceLogger.cpp:200] TRACE cell_flow flow entry_part_detected
11:26:12 DEBUG [TraceLogger.cpp:200] TRACE robot flow job_triggered
11:26:12 DEBUG [TraceLogger.cpp:200] TRACE cell_flow protocol robot_job_issued
11:26:12 INFO [RobotSimulator.cpp:179] RobotSimulator: Planned blended trajectory for Job 2 with 39 waypoints
11:26:12 DEBUG [TraceLogger.cpp:200] TRACE robot state trajectory_planned
11:26:12 DEBUG [TraceLogger.cpp:200] TRACE cell_flow state stage_changed
11:26:13 DEBUG [TraceLogger.cpp:200] TRACE robot flow job_triggered
11:26:13 DEBUG [TraceLogger.cpp:200] TRACE cell_flow protocol robot_job_issued
11:26:13 INFO [RobotSimulator.cpp:179] RobotSimulator: Planned blended trajectory for Job 3 with 39 waypoints
11:26:13 DEBUG [TraceLogger.cpp:200] TRACE robot state trajectory_planned
11:26:13 DEBUG [TraceLogger.cpp:200] TRACE cell_flow state stage_changed
11:26:14 DEBUG [TraceLogger.cpp:200] TRACE cell_flow state stage_changed
11:26:15 DEBUG [TraceLogger.cpp:200] TRACE cell_flow flow inspection_accepted
11:26:15 DEBUG [TraceLogger.cpp:200] TRACE robot flow job_triggered
11:26:15 DEBUG [TraceLogger.cpp:200] TRACE cell_flow protocol robot_job_issued
11:26:15 INFO [RobotSimulator.cpp:179] RobotSimulator: Planned blended trajectory for Job 4 with 39 waypoints
11:26:15 DEBUG [TraceLogger.cpp:200] TRACE robot state trajectory_planned
11:26:15 DEBUG [TraceLogger.cpp:200] TRACE cell_flow state stage_changed
11:26:16 DEBUG [TraceLogger.cpp:200] TRACE robot flow job_triggered
11:26:16 DEBUG [TraceLogger.cpp:200] TRACE cell_flow protocol robot_job_issued
11:26:16 INFO [RobotSimulator.cpp:179] RobotSimulator: Planned blended trajectory for Job 5 with 39 waypoints
11:26:16 DEBUG [TraceLogger.cpp:200] TRACE robot state trajectory_planned
11:26:16 DEBUG [TraceLogger.cpp:200] TRACE cell_flow state stage_changed
11:26:17 DEBUG [TraceLogger.cpp:200] TRACE laser flow local_marking_started
11:26:17 DEBUG [TraceLogger.cpp:200] TRACE cell_flow flow laser_mark_started
11:26:17 DEBUG [TraceLogger.cpp:200] TRACE cell_flow state stage_changed
11:26:18 INFO [LaserSimulator.cpp:71] LaserSimulator: Job finished
11:26:18 DEBUG [TraceLogger.cpp:200] TRACE laser state marking_done
11:26:18 DEBUG [TraceLogger.cpp:200] TRACE robot flow job_triggered
11:26:18 DEBUG [TraceLogger.cpp:200] TRACE cell_flow protocol robot_job_issued
11:26:18 INFO [RobotSimulator.cpp:179] RobotSimulator: Planned blended trajectory for Job 6 with 39 waypoints
11:26:18 DEBUG [TraceLogger.cpp:200] TRACE robot state trajectory_planned
11:26:18 DEBUG [TraceLogger.cpp:200] TRACE cell_flow state stage_changed
11:26:18 DEBUG [TraceLogger.cpp:200] TRACE robot lifecycle internal_mode_changed
11:26:18 INFO [CellFlowOrchestrator.cpp:118] CellFlowOrchestrator stopped
11:26:18 DEBUG [TraceLogger.cpp:200] TRACE cell_flow lifecycle stopped
11:26:23 DEBUG [TraceLogger.cpp:200] TRACE robot lifecycle internal_mode_changed
11:26:25 INFO [CellFlowOrchestrator.cpp:95] CellFlowOrchestrator started
11:26:25 DEBUG [TraceLogger.cpp:200] TRACE cell_flow lifecycle started
11:26:25 DEBUG [TraceLogger.cpp:200] TRACE cell_flow flow entry_part_detected
11:26:25 DEBUG [TraceLogger.cpp:200] TRACE robot flow job_triggered
11:26:25 DEBUG [TraceLogger.cpp:200] TRACE cell_flow protocol robot_job_issued
11:26:26 INFO [RobotSimulator.cpp:179] RobotSimulator: Planned blended trajectory for Job 2 with 39 waypoints
11:26:26 DEBUG [TraceLogger.cpp:200] TRACE robot state trajectory_planned
11:26:26 DEBUG [TraceLogger.cpp:200] TRACE cell_flow state stage_changed
11:26:27 DEBUG [TraceLogger.cpp:200] TRACE robot flow job_triggered
11:26:27 DEBUG [TraceLogger.cpp:200] TRACE cell_flow protocol robot_job_issued
11:26:27 INFO [RobotSimulator.cpp:179] RobotSimulator: Planned blended trajectory for Job 3 with 39 waypoints
11:26:27 DEBUG [TraceLogger.cpp:200] TRACE robot state trajectory_planned
11:26:27 DEBUG [TraceLogger.cpp:200] TRACE cell_flow state stage_changed
11:26:28 DEBUG [TraceLogger.cpp:200] TRACE cell_flow state stage_changed
11:26:29 DEBUG [TraceLogger.cpp:200] TRACE cell_flow flow inspection_accepted
11:26:29 DEBUG [TraceLogger.cpp:200] TRACE robot flow job_triggered
11:26:29 DEBUG [TraceLogger.cpp:200] TRACE cell_flow protocol robot_job_issued
11:26:29 INFO [RobotSimulator.cpp:179] RobotSimulator: Planned blended trajectory for Job 4 with 39 waypoints
11:26:29 DEBUG [TraceLogger.cpp:200] TRACE robot state trajectory_planned
11:26:29 DEBUG [TraceLogger.cpp:200] TRACE cell_flow state stage_changed
11:26:30 DEBUG [TraceLogger.cpp:200] TRACE robot flow job_triggered
11:26:30 DEBUG [TraceLogger.cpp:200] TRACE cell_flow protocol robot_job_issued
11:26:30 INFO [RobotSimulator.cpp:179] RobotSimulator: Planned blended trajectory for Job 5 with 39 waypoints
11:26:30 DEBUG [TraceLogger.cpp:200] TRACE robot state trajectory_planned
11:26:30 DEBUG [TraceLogger.cpp:200] TRACE cell_flow state stage_changed
11:26:30 DEBUG [TraceLogger.cpp:200] TRACE robot lifecycle internal_mode_changed
11:26:30 INFO [CellFlowOrchestrator.cpp:118] CellFlowOrchestrator stopped
11:26:30 DEBUG [TraceLogger.cpp:200] TRACE cell_flow lifecycle stopped
11:26:33 DEBUG [TraceLogger.cpp:200] TRACE robot lifecycle internal_mode_changed
11:26:36 INFO [CellFlowOrchestrator.cpp:95] CellFlowOrchestrator started
11:26:36 DEBUG [TraceLogger.cpp:200] TRACE cell_flow lifecycle started
11:26:36 DEBUG [TraceLogger.cpp:200] TRACE cell_flow flow entry_part_detected
11:26:36 DEBUG [TraceLogger.cpp:200] TRACE robot flow job_triggered
11:26:36 DEBUG [TraceLogger.cpp:200] TRACE cell_flow protocol robot_job_issued
11:26:36 INFO [RobotSimulator.cpp:179] RobotSimulator: Planned blended trajectory for Job 2 with 39 waypoints
11:26:36 DEBUG [TraceLogger.cpp:200] TRACE robot state trajectory_planned
11:26:36 DEBUG [TraceLogger.cpp:200] TRACE cell_flow state stage_changed
11:26:38 DEBUG [TraceLogger.cpp:200] TRACE robot flow job_triggered
11:26:38 DEBUG [TraceLogger.cpp:200] TRACE cell_flow protocol robot_job_issued
11:26:38 INFO [RobotSimulator.cpp:179] RobotSimulator: Planned blended trajectory for Job 3 with 39 waypoints
11:26:38 DEBUG [TraceLogger.cpp:200] TRACE robot state trajectory_planned
11:26:38 DEBUG [TraceLogger.cpp:200] TRACE cell_flow state stage_changed
11:26:39 DEBUG [TraceLogger.cpp:200] TRACE cell_flow state stage_changed
11:26:39 DEBUG [TraceLogger.cpp:200] TRACE cell_flow flow inspection_accepted
11:26:39 DEBUG [TraceLogger.cpp:200] TRACE robot flow job_triggered
11:26:39 DEBUG [TraceLogger.cpp:200] TRACE cell_flow protocol robot_job_issued
11:26:40 INFO [RobotSimulator.cpp:179] RobotSimulator: Planned blended trajectory for Job 4 with 39 waypoints
11:26:40 DEBUG [TraceLogger.cpp:200] TRACE robot state trajectory_planned
11:26:40 DEBUG [TraceLogger.cpp:200] TRACE cell_flow state stage_changed
11:26:40 DEBUG [TraceLogger.cpp:200] TRACE robot flow job_triggered
11:26:40 DEBUG [TraceLogger.cpp:200] TRACE cell_flow protocol robot_job_issued
11:26:41 INFO [RobotSimulator.cpp:179] RobotSimulator: Planned blended trajectory for Job 5 with 39 waypoints
11:26:41 DEBUG [TraceLogger.cpp:200] TRACE robot state trajectory_planned
11:26:41 DEBUG [TraceLogger.cpp:200] TRACE cell_flow state stage_changed
11:26:41 DEBUG [TraceLogger.cpp:200] TRACE laser flow local_marking_started
11:26:41 DEBUG [TraceLogger.cpp:200] TRACE cell_flow flow laser_mark_started
11:26:41 DEBUG [TraceLogger.cpp:200] TRACE cell_flow state stage_changed
11:26:42 INFO [LaserSimulator.cpp:71] LaserSimulator: Job finished
11:26:42 DEBUG [TraceLogger.cpp:200] TRACE laser state marking_done
11:26:42 DEBUG [TraceLogger.cpp:200] TRACE robot flow job_triggered
11:26:42 DEBUG [TraceLogger.cpp:200] TRACE cell_flow protocol robot_job_issued
11:26:43 INFO [RobotSimulator.cpp:179] RobotSimulator: Planned blended trajectory for Job 6 with 39 waypoints
11:26:43 DEBUG [TraceLogger.cpp:200] TRACE robot state trajectory_planned
11:26:43 DEBUG [TraceLogger.cpp:200] TRACE cell_flow state stage_changed
11:26:43 DEBUG [TraceLogger.cpp:200] TRACE robot flow job_triggered
11:26:43 DEBUG [TraceLogger.cpp:200] TRACE cell_flow protocol robot_job_issued
11:26:44 INFO [RobotSimulator.cpp:179] RobotSimulator: Planned blended trajectory for Job 7 with 39 waypoints
11:26:44 DEBUG [TraceLogger.cpp:200] TRACE robot state trajectory_planned
11:26:44 DEBUG [TraceLogger.cpp:200] TRACE cell_flow state stage_changed
11:26:44 INFO [CellFlowOrchestrator.cpp:118] CellFlowOrchestrator stopped
11:26:44 DEBUG [TraceLogger.cpp:200] TRACE cell_flow lifecycle stopped
11:27:15 WARNING [Backend.cpp:473] Cannot start internal cell flow: one or more stations are not in local mode
11:27:20 INFO [CellFlowOrchestrator.cpp:95] CellFlowOrchestrator started
11:27:20 DEBUG [TraceLogger.cpp:200] TRACE cell_flow lifecycle started
11:27:20 DEBUG [TraceLogger.cpp:200] TRACE cell_flow flow entry_part_detected
11:27:20 DEBUG [TraceLogger.cpp:200] TRACE robot flow job_triggered
11:27:20 DEBUG [TraceLogger.cpp:200] TRACE cell_flow protocol robot_job_issued
11:27:21 INFO [RobotSimulator.cpp:179] RobotSimulator: Planned blended trajectory for Job 2 with 39 waypoints
11:27:21 DEBUG [TraceLogger.cpp:200] TRACE robot state trajectory_planned
11:27:21 DEBUG [TraceLogger.cpp:200] TRACE cell_flow state stage_changed
11:27:22 DEBUG [TraceLogger.cpp:200] TRACE robot flow job_triggered
11:27:22 DEBUG [TraceLogger.cpp:200] TRACE cell_flow protocol robot_job_issued
11:27:22 INFO [RobotSimulator.cpp:179] RobotSimulator: Planned blended trajectory for Job 3 with 39 waypoints
11:27:22 DEBUG [TraceLogger.cpp:200] TRACE robot state trajectory_planned
11:27:22 DEBUG [TraceLogger.cpp:200] TRACE cell_flow state stage_changed
11:27:23 DEBUG [TraceLogger.cpp:200] TRACE cell_flow state stage_changed
11:27:24 DEBUG [TraceLogger.cpp:200] TRACE cell_flow flow inspection_accepted
11:27:24 DEBUG [TraceLogger.cpp:200] TRACE robot flow job_triggered
11:27:24 DEBUG [TraceLogger.cpp:200] TRACE cell_flow protocol robot_job_issued
11:27:24 INFO [RobotSimulator.cpp:179] RobotSimulator: Planned blended trajectory for Job 4 with 39 waypoints
11:27:24 DEBUG [TraceLogger.cpp:200] TRACE robot state trajectory_planned
11:27:24 DEBUG [TraceLogger.cpp:200] TRACE cell_flow state stage_changed
11:27:25 DEBUG [TraceLogger.cpp:200] TRACE robot flow job_triggered
11:27:25 DEBUG [TraceLogger.cpp:200] TRACE cell_flow protocol robot_job_issued
11:27:25 INFO [RobotSimulator.cpp:179] RobotSimulator: Planned blended trajectory for Job 5 with 39 waypoints
11:27:25 DEBUG [TraceLogger.cpp:200] TRACE robot state trajectory_planned
11:27:25 DEBUG [TraceLogger.cpp:200] TRACE cell_flow state stage_changed
11:27:26 DEBUG [TraceLogger.cpp:200] TRACE laser flow local_marking_started
11:27:26 DEBUG [TraceLogger.cpp:200] TRACE cell_flow flow laser_mark_started
11:27:26 DEBUG [TraceLogger.cpp:200] TRACE cell_flow state stage_changed
11:27:27 INFO [LaserSimulator.cpp:71] LaserSimulator: Job finished
11:27:27 DEBUG [TraceLogger.cpp:200] TRACE laser state marking_done
11:27:27 DEBUG [TraceLogger.cpp:200] TRACE robot flow job_triggered
11:27:27 DEBUG [TraceLogger.cpp:200] TRACE cell_flow protocol robot_job_issued
11:27:27 INFO [RobotSimulator.cpp:179] RobotSimulator: Planned blended trajectory for Job 6 with 39 waypoints
11:27:27 DEBUG [TraceLogger.cpp:200] TRACE robot state trajectory_planned
11:27:27 DEBUG [TraceLogger.cpp:200] TRACE cell_flow state stage_changed
11:27:28 DEBUG [TraceLogger.cpp:200] TRACE robot flow job_triggered
11:27:28 DEBUG [TraceLogger.cpp:200] TRACE cell_flow protocol robot_job_issued
11:27:28 INFO [RobotSimulator.cpp:179] RobotSimulator: Planned blended trajectory for Job 7 with 39 waypoints
11:27:28 DEBUG [TraceLogger.cpp:200] TRACE robot state trajectory_planned
11:27:28 DEBUG [TraceLogger.cpp:200] TRACE cell_flow state stage_changed
11:27:29 DEBUG [TraceLogger.cpp:200] TRACE robot flow job_triggered
11:27:29 DEBUG [TraceLogger.cpp:200] TRACE cell_flow protocol robot_job_issued
11:27:29 INFO [RobotSimulator.cpp:179] RobotSimulator: Planned blended trajectory for Job 1 with 39 waypoints
11:27:29 DEBUG [TraceLogger.cpp:200] TRACE robot state trajectory_planned
11:27:29 DEBUG [TraceLogger.cpp:200] TRACE cell_flow state stage_changed
11:27:30 INFO [CellFlowOrchestrator.cpp:433] CellFlowOrchestrator cycle completed (accepted)
11:27:30 DEBUG [TraceLogger.cpp:200] TRACE cell_flow flow cycle_completed
11:27:30 DEBUG [TraceLogger.cpp:200] TRACE cell_flow lifecycle cycle_started
11:27:30 DEBUG [TraceLogger.cpp:200] TRACE cell_flow flow entry_part_detected
11:27:30 DEBUG [TraceLogger.cpp:200] TRACE robot flow job_triggered
11:27:30 DEBUG [TraceLogger.cpp:200] TRACE cell_flow protocol robot_job_issued
11:27:30 DEBUG [TraceLogger.cpp:200] TRACE backend lifecycle session_stopped
